16:52:32.609 [main] DEBUG org.apache.poi.openxml4j.opc.PackageRelationshipCollection - Parsing relationship: /_rels/.rels
16:52:32.665 [main] DEBUG org.apache.poi.openxml4j.opc.PackageRelationshipCollection - Parsing relationship: /xl/_rels/workbook.xml.rels
16:52:32.667 [main] DEBUG org.apache.poi.openxml4j.opc.PackageRelationshipCollection - Parsing relationship: /xl/worksheets/_rels/sheet1.xml.rels
16:52:32.669 [main] DEBUG org.apache.poi.openxml4j.opc.PackageRelationshipCollection - Parsing relationship: /_rels/.rels
16:52:32.705 [main] DEBUG org.apache.poi.openxml4j.opc.PackageRelationshipCollection - Parsing relationship: /xl/_rels/workbook.xml.rels
16:52:32.707 [main] DEBUG org.apache.poi.openxml4j.opc.PackageRelationshipCollection - Parsing relationship: /xl/worksheets/_rels/sheet1.xml.rels
16:52:32.713 [main] DEBUG org.apache.poi.openxml4j.opc.PackageRelationshipCollection - Parsing relationship: /_rels/.rels
16:52:32.753 [main] DEBUG org.apache.poi.openxml4j.opc.PackageRelationshipCollection - Parsing relationship: /xl/_rels/workbook.xml.rels
16:52:32.755 [main] DEBUG org.apache.poi.openxml4j.opc.PackageRelationshipCollection - Parsing relationship: /xl/worksheets/_rels/sheet1.xml.rels
16:52:32.757 [main] DEBUG org.apache.poi.openxml4j.opc.PackageRelationshipCollection - Parsing relationship: /_rels/.rels
16:52:32.793 [main] DEBUG org.apache.poi.openxml4j.opc.PackageRelationshipCollection - Parsing relationship: /xl/_rels/workbook.xml.rels
16:52:32.795 [main] DEBUG org.apache.poi.openxml4j.opc.PackageRelationshipCollection - Parsing relationship: /xl/worksheets/_rels/sheet1.xml.rels
16:52:32.796 [main] DEBUG org.apache.poi.openxml4j.opc.PackageRelationshipCollection - Parsing relationship: /_rels/.rels
16:52:32.838 [main] DEBUG org.apache.poi.openxml4j.opc.PackageRelationshipCollection - Parsing relationship: /xl/_rels/workbook.xml.rels
16:52:32.840 [main] DEBUG org.apache.poi.openxml4j.opc.PackageRelationshipCollection - Parsing relationship: /xl/worksheets/_rels/sheet1.xml.rels
16:52:32.841 [main] DEBUG org.apache.poi.openxml4j.opc.PackageRelationshipCollection - Parsing relationship: /_rels/.rels
16:52:32.895 [main] INFO  testCase.LoginDDT - Test Start
16:52:32.895 [main] INFO  testCase.LoginDDT - Home Page Open
16:52:33.631 [main] INFO  testCase.LoginDDT - Login Page Open
16:52:34.118 [main] INFO  testCase.LoginDDT - Clicked On Login button
16:52:44.721 [main] INFO  testCase.LoginDDT - Fail
16:52:44.742 [main] INFO  testCase.LoginDDT - Test Start
16:52:44.743 [main] INFO  testCase.LoginDDT - Home Page Open
16:52:55.038 [main] INFO  testCase.LoginDDT - Test Start
16:52:55.038 [main] INFO  testCase.LoginDDT - Home Page Open
16:53:05.143 [main] INFO  testCase.LoginDDT - Test Start
16:53:05.144 [main] INFO  testCase.LoginDDT - Home Page Open
17:07:07.203 [main] DEBUG org.testng.TestNG - suiteXmlPath: "C:\Users\CODECLOUDS-MDIMRAN\eclipse-workspace\OpenCart0.1\testng.xml"
17:07:07.598 [main] INFO  org.testng.internal.Utils - [TestNG] Running:
  C:\Users\CODECLOUDS-MDIMRAN\eclipse-workspace\OpenCart0.1\testng.xml

17:07:09.748 [main] INFO  testCase.LoginDDT - Logger Initialized Successfully!
17:07:11.014 [main] DEBUG org.apache.poi.openxml4j.opc.PackageRelationshipCollection - Parsing relationship: /xl/_rels/workbook.xml.rels
17:07:11.020 [main] DEBUG org.apache.poi.openxml4j.opc.PackageRelationshipCollection - Parsing relationship: /xl/worksheets/_rels/sheet1.xml.rels
17:07:11.025 [main] DEBUG org.apache.poi.openxml4j.opc.PackageRelationshipCollection - Parsing relationship: /_rels/.rels
17:07:11.934 [main] DEBUG org.apache.poi.openxml4j.opc.PackageRelationshipCollection - Parsing relationship: /xl/_rels/workbook.xml.rels
17:07:11.937 [main] DEBUG org.apache.poi.openxml4j.opc.PackageRelationshipCollection - Parsing relationship: /xl/worksheets/_rels/sheet1.xml.rels
17:07:11.940 [main] DEBUG org.apache.poi.openxml4j.opc.PackageRelationshipCollection - Parsing relationship: /_rels/.rels
17:07:12.012 [main] DEBUG org.apache.poi.openxml4j.opc.PackageRelationshipCollection - Parsing relationship: /xl/_rels/workbook.xml.rels
17:07:12.014 [main] DEBUG org.apache.poi.openxml4j.opc.PackageRelationshipCollection - Parsing relationship: /xl/worksheets/_rels/sheet1.xml.rels
17:07:12.016 [main] DEBUG org.apache.poi.openxml4j.opc.PackageRelationshipCollection - Parsing relationship: /_rels/.rels
17:07:12.090 [main] DEBUG org.apache.poi.openxml4j.opc.PackageRelationshipCollection - Parsing relationship: /xl/_rels/workbook.xml.rels
17:07:12.093 [main] DEBUG org.apache.poi.openxml4j.opc.PackageRelationshipCollection - Parsing relationship: /xl/worksheets/_rels/sheet1.xml.rels
17:07:12.094 [main] DEBUG org.apache.poi.openxml4j.opc.PackageRelationshipCollection - Parsing relationship: /_rels/.rels
17:07:12.167 [main] DEBUG org.apache.poi.openxml4j.opc.PackageRelationshipCollection - Parsing relationship: /xl/_rels/workbook.xml.rels
17:07:12.170 [main] DEBUG org.apache.poi.openxml4j.opc.PackageRelationshipCollection - Parsing relationship: /xl/worksheets/_rels/sheet1.xml.rels
17:07:12.171 [main] DEBUG org.apache.poi.openxml4j.opc.PackageRelationshipCollection - Parsing relationship: /_rels/.rels
17:07:12.228 [main] DEBUG org.apache.poi.openxml4j.opc.PackageRelationshipCollection - Parsing relationship: /xl/_rels/workbook.xml.rels
17:07:12.230 [main] DEBUG org.apache.poi.openxml4j.opc.PackageRelationshipCollection - Parsing relationship: /xl/worksheets/_rels/sheet1.xml.rels
17:07:12.231 [main] DEBUG org.apache.poi.openxml4j.opc.PackageRelationshipCollection - Parsing relationship: /_rels/.rels
17:07:12.291 [main] DEBUG org.apache.poi.openxml4j.opc.PackageRelationshipCollection - Parsing relationship: /xl/_rels/workbook.xml.rels
17:07:12.293 [main] DEBUG org.apache.poi.openxml4j.opc.PackageRelationshipCollection - Parsing relationship: /xl/worksheets/_rels/sheet1.xml.rels
17:07:12.294 [main] DEBUG org.apache.poi.openxml4j.opc.PackageRelationshipCollection - Parsing relationship: /_rels/.rels
17:07:12.370 [main] DEBUG org.apache.poi.openxml4j.opc.PackageRelationshipCollection - Parsing relationship: /xl/_rels/workbook.xml.rels
17:07:12.373 [main] DEBUG org.apache.poi.openxml4j.opc.PackageRelationshipCollection - Parsing relationship: /xl/worksheets/_rels/sheet1.xml.rels
17:07:12.375 [main] DEBUG org.apache.poi.openxml4j.opc.PackageRelationshipCollection - Parsing relationship: /_rels/.rels
17:07:12.419 [main] DEBUG org.apache.poi.openxml4j.opc.PackageRelationshipCollection - Parsing relationship: /xl/_rels/workbook.xml.rels
17:07:12.422 [main] DEBUG org.apache.poi.openxml4j.opc.PackageRelationshipCollection - Parsing relationship: /xl/worksheets/_rels/sheet1.xml.rels
17:07:12.424 [main] DEBUG org.apache.poi.openxml4j.opc.PackageRelationshipCollection - Parsing relationship: /_rels/.rels
17:07:12.477 [main] DEBUG org.apache.poi.openxml4j.opc.PackageRelationshipCollection - Parsing relationship: /xl/_rels/workbook.xml.rels
17:07:12.479 [main] DEBUG org.apache.poi.openxml4j.opc.PackageRelationshipCollection - Parsing relationship: /xl/worksheets/_rels/sheet1.xml.rels
17:07:12.481 [main] DEBUG org.apache.poi.openxml4j.opc.PackageRelationshipCollection - Parsing relationship: /_rels/.rels
17:07:12.528 [main] DEBUG org.apache.poi.openxml4j.opc.PackageRelationshipCollection - Parsing relationship: /xl/_rels/workbook.xml.rels
17:07:12.531 [main] DEBUG org.apache.poi.openxml4j.opc.PackageRelationshipCollection - Parsing relationship: /xl/worksheets/_rels/sheet1.xml.rels
17:07:12.533 [main] DEBUG org.apache.poi.openxml4j.opc.PackageRelationshipCollection - Parsing relationship: /_rels/.rels
17:07:12.583 [main] DEBUG org.apache.poi.openxml4j.opc.PackageRelationshipCollection - Parsing relationship: /xl/_rels/workbook.xml.rels
17:07:12.584 [main] DEBUG org.apache.poi.openxml4j.opc.PackageRelationshipCollection - Parsing relationship: /xl/worksheets/_rels/sheet1.xml.rels
17:07:12.586 [main] DEBUG org.apache.poi.openxml4j.opc.PackageRelationshipCollection - Parsing relationship: /_rels/.rels
17:07:12.623 [main] DEBUG org.apache.poi.openxml4j.opc.PackageRelationshipCollection - Parsing relationship: /xl/_rels/workbook.xml.rels
17:07:12.626 [main] DEBUG org.apache.poi.openxml4j.opc.PackageRelationshipCollection - Parsing relationship: /xl/worksheets/_rels/sheet1.xml.rels
17:07:12.627 [main] DEBUG org.apache.poi.openxml4j.opc.PackageRelationshipCollection - Parsing relationship: /_rels/.rels
17:07:12.696 [main] DEBUG org.apache.poi.openxml4j.opc.PackageRelationshipCollection - Parsing relationship: /xl/_rels/workbook.xml.rels
17:07:12.700 [main] DEBUG org.apache.poi.openxml4j.opc.PackageRelationshipCollection - Parsing relationship: /xl/worksheets/_rels/sheet1.xml.rels
17:07:12.705 [main] DEBUG org.apache.poi.openxml4j.opc.PackageRelationshipCollection - Parsing relationship: /_rels/.rels
17:07:12.843 [main] INFO  testCase.LoginDDT - Test Start
17:07:12.844 [main] INFO  testCase.LoginDDT - Home Page Open
17:07:13.982 [main] INFO  testCase.LoginDDT - Login Page Open
17:07:14.501 [main] INFO  testCase.LoginDDT - Clicked On Login button
17:07:15.163 [main] INFO  testCase.LoginDDT - Login sucessfull
17:07:15.833 [main] INFO  testCase.LoginDDT - Clicked On Logout button
17:07:15.833 [main] INFO  testCase.LoginDDT - Pass
17:07:15.833 [main] INFO  testCase.LoginDDT - Test Completed
17:07:15.849 [main] INFO  testCase.LoginDDT - Test Start
17:07:15.850 [main] INFO  testCase.LoginDDT - Home Page Open
17:07:16.518 [main] INFO  testCase.LoginDDT - Login Page Open
17:07:16.981 [main] INFO  testCase.LoginDDT - Clicked On Login button
17:07:37.046 [main] INFO  testCase.LoginDDT - Login sucessfull with invalid data
17:07:47.185 [main] INFO  testCase.LoginDDT - Test Start
17:07:47.186 [main] INFO  testCase.LoginDDT - Home Page Open
17:07:57.346 [main] INFO  testCase.LoginDDT - Test Start
17:07:57.347 [main] INFO  testCase.LoginDDT - Home Page Open
17:07:58.188 [main] INFO  testCase.LoginDDT - Login Page Open
17:07:58.765 [main] INFO  testCase.LoginDDT - Clicked On Login button
17:08:18.863 [main] INFO  testCase.LoginDDT - Login sucessfull with invalid data
17:13:55.703 [main] DEBUG org.testng.TestNG - suiteXmlPath: "C:\Users\CODECLOUDS-MDIMRAN\eclipse-workspace\OpenCart0.1\testng.xml"
17:13:56.074 [main] INFO  org.testng.internal.Utils - [TestNG] Running:
  C:\Users\CODECLOUDS-MDIMRAN\eclipse-workspace\OpenCart0.1\testng.xml

17:13:58.174 [main] INFO  testCase.LoginDDT - Logger Initialized Successfully!
17:13:59.302 [main] DEBUG org.apache.poi.openxml4j.opc.PackageRelationshipCollection - Parsing relationship: /xl/_rels/workbook.xml.rels
17:13:59.309 [main] DEBUG org.apache.poi.openxml4j.opc.PackageRelationshipCollection - Parsing relationship: /xl/worksheets/_rels/sheet1.xml.rels
17:13:59.313 [main] DEBUG org.apache.poi.openxml4j.opc.PackageRelationshipCollection - Parsing relationship: /_rels/.rels
17:14:00.222 [main] DEBUG org.apache.poi.openxml4j.opc.PackageRelationshipCollection - Parsing relationship: /xl/_rels/workbook.xml.rels
17:14:00.226 [main] DEBUG org.apache.poi.openxml4j.opc.PackageRelationshipCollection - Parsing relationship: /xl/worksheets/_rels/sheet1.xml.rels
17:14:00.229 [main] DEBUG org.apache.poi.openxml4j.opc.PackageRelationshipCollection - Parsing relationship: /_rels/.rels
17:14:00.290 [main] DEBUG org.apache.poi.openxml4j.opc.PackageRelationshipCollection - Parsing relationship: /xl/_rels/workbook.xml.rels
17:14:00.293 [main] DEBUG org.apache.poi.openxml4j.opc.PackageRelationshipCollection - Parsing relationship: /xl/worksheets/_rels/sheet1.xml.rels
17:14:00.296 [main] DEBUG org.apache.poi.openxml4j.opc.PackageRelationshipCollection - Parsing relationship: /_rels/.rels
17:14:00.369 [main] DEBUG org.apache.poi.openxml4j.opc.PackageRelationshipCollection - Parsing relationship: /xl/_rels/workbook.xml.rels
17:14:00.371 [main] DEBUG org.apache.poi.openxml4j.opc.PackageRelationshipCollection - Parsing relationship: /xl/worksheets/_rels/sheet1.xml.rels
17:14:00.373 [main] DEBUG org.apache.poi.openxml4j.opc.PackageRelationshipCollection - Parsing relationship: /_rels/.rels
17:14:00.460 [main] DEBUG org.apache.poi.openxml4j.opc.PackageRelationshipCollection - Parsing relationship: /xl/_rels/workbook.xml.rels
17:14:00.463 [main] DEBUG org.apache.poi.openxml4j.opc.PackageRelationshipCollection - Parsing relationship: /xl/worksheets/_rels/sheet1.xml.rels
17:14:00.464 [main] DEBUG org.apache.poi.openxml4j.opc.PackageRelationshipCollection - Parsing relationship: /_rels/.rels
17:14:00.516 [main] DEBUG org.apache.poi.openxml4j.opc.PackageRelationshipCollection - Parsing relationship: /xl/_rels/workbook.xml.rels
17:14:00.518 [main] DEBUG org.apache.poi.openxml4j.opc.PackageRelationshipCollection - Parsing relationship: /xl/worksheets/_rels/sheet1.xml.rels
17:14:00.520 [main] DEBUG org.apache.poi.openxml4j.opc.PackageRelationshipCollection - Parsing relationship: /_rels/.rels
17:14:00.572 [main] DEBUG org.apache.poi.openxml4j.opc.PackageRelationshipCollection - Parsing relationship: /xl/_rels/workbook.xml.rels
17:14:00.574 [main] DEBUG org.apache.poi.openxml4j.opc.PackageRelationshipCollection - Parsing relationship: /xl/worksheets/_rels/sheet1.xml.rels
17:14:00.576 [main] DEBUG org.apache.poi.openxml4j.opc.PackageRelationshipCollection - Parsing relationship: /_rels/.rels
17:14:00.630 [main] DEBUG org.apache.poi.openxml4j.opc.PackageRelationshipCollection - Parsing relationship: /xl/_rels/workbook.xml.rels
17:14:00.633 [main] DEBUG org.apache.poi.openxml4j.opc.PackageRelationshipCollection - Parsing relationship: /xl/worksheets/_rels/sheet1.xml.rels
17:14:00.634 [main] DEBUG org.apache.poi.openxml4j.opc.PackageRelationshipCollection - Parsing relationship: /_rels/.rels
17:14:00.700 [main] DEBUG org.apache.poi.openxml4j.opc.PackageRelationshipCollection - Parsing relationship: /xl/_rels/workbook.xml.rels
17:14:00.702 [main] DEBUG org.apache.poi.openxml4j.opc.PackageRelationshipCollection - Parsing relationship: /xl/worksheets/_rels/sheet1.xml.rels
17:14:00.704 [main] DEBUG org.apache.poi.openxml4j.opc.PackageRelationshipCollection - Parsing relationship: /_rels/.rels
17:14:00.753 [main] DEBUG org.apache.poi.openxml4j.opc.PackageRelationshipCollection - Parsing relationship: /xl/_rels/workbook.xml.rels
17:14:00.755 [main] DEBUG org.apache.poi.openxml4j.opc.PackageRelationshipCollection - Parsing relationship: /xl/worksheets/_rels/sheet1.xml.rels
17:14:00.757 [main] DEBUG org.apache.poi.openxml4j.opc.PackageRelationshipCollection - Parsing relationship: /_rels/.rels
17:14:00.804 [main] DEBUG org.apache.poi.openxml4j.opc.PackageRelationshipCollection - Parsing relationship: /xl/_rels/workbook.xml.rels
17:14:00.806 [main] DEBUG org.apache.poi.openxml4j.opc.PackageRelationshipCollection - Parsing relationship: /xl/worksheets/_rels/sheet1.xml.rels
17:14:00.807 [main] DEBUG org.apache.poi.openxml4j.opc.PackageRelationshipCollection - Parsing relationship: /_rels/.rels
17:14:00.850 [main] DEBUG org.apache.poi.openxml4j.opc.PackageRelationshipCollection - Parsing relationship: /xl/_rels/workbook.xml.rels
17:14:00.852 [main] DEBUG org.apache.poi.openxml4j.opc.PackageRelationshipCollection - Parsing relationship: /xl/worksheets/_rels/sheet1.xml.rels
17:14:00.853 [main] DEBUG org.apache.poi.openxml4j.opc.PackageRelationshipCollection - Parsing relationship: /_rels/.rels
17:14:00.904 [main] DEBUG org.apache.poi.openxml4j.opc.PackageRelationshipCollection - Parsing relationship: /xl/_rels/workbook.xml.rels
17:14:00.906 [main] DEBUG org.apache.poi.openxml4j.opc.PackageRelationshipCollection - Parsing relationship: /xl/worksheets/_rels/sheet1.xml.rels
17:14:00.908 [main] DEBUG org.apache.poi.openxml4j.opc.PackageRelationshipCollection - Parsing relationship: /_rels/.rels
17:14:00.952 [main] DEBUG org.apache.poi.openxml4j.opc.PackageRelationshipCollection - Parsing relationship: /xl/_rels/workbook.xml.rels
17:14:00.954 [main] DEBUG org.apache.poi.openxml4j.opc.PackageRelationshipCollection - Parsing relationship: /xl/worksheets/_rels/sheet1.xml.rels
17:14:00.956 [main] DEBUG org.apache.poi.openxml4j.opc.PackageRelationshipCollection - Parsing relationship: /_rels/.rels
17:14:01.069 [main] INFO  testCase.LoginDDT - Test Start
17:14:01.069 [main] INFO  testCase.LoginDDT - Home Page Open
17:14:02.282 [main] INFO  testCase.LoginDDT - Login Page Open
17:14:02.785 [main] INFO  testCase.LoginDDT - Clicked On Login button
17:14:03.452 [main] INFO  testCase.LoginDDT - Login sucessfull
17:14:04.114 [main] INFO  testCase.LoginDDT - Clicked On Logout button
17:14:04.114 [main] INFO  testCase.LoginDDT - Test Completed
17:14:04.125 [main] INFO  testCase.LoginDDT - Test Start
17:14:04.125 [main] INFO  testCase.LoginDDT - Home Page Open
17:14:04.743 [main] INFO  testCase.LoginDDT - Login Page Open
17:14:05.145 [main] INFO  testCase.LoginDDT - Clicked On Login button
17:14:25.262 [main] INFO  testCase.LoginDDT - Pass
17:14:25.262 [main] INFO  testCase.LoginDDT - Test Completed
17:14:25.264 [main] INFO  testCase.LoginDDT - Test Start
17:14:25.265 [main] INFO  testCase.LoginDDT - Home Page Open
17:14:25.746 [main] INFO  testCase.LoginDDT - Login Page Open
17:14:26.084 [main] INFO  testCase.LoginDDT - Clicked On Login button
17:14:46.175 [main] INFO  testCase.LoginDDT - Pass
17:14:46.175 [main] INFO  testCase.LoginDDT - Test Completed
17:14:46.178 [main] INFO  testCase.LoginDDT - Test Start
17:14:46.178 [main] INFO  testCase.LoginDDT - Home Page Open
17:14:46.609 [main] INFO  testCase.LoginDDT - Login Page Open
17:14:46.917 [main] INFO  testCase.LoginDDT - Clicked On Login button
17:15:06.956 [main] INFO  testCase.LoginDDT - Pass
17:15:06.958 [main] INFO  testCase.LoginDDT - Test Completed
12:25:45.648 [main] DEBUG org.testng.TestNG - suiteXmlPath: "C:\Users\CODECLOUDS-MDIMRAN\eclipse-workspace\OpenCart0.1\Master.xml"
12:25:46.022 [main] INFO  org.testng.internal.Utils - [TestNG] Running:
  C:\Users\CODECLOUDS-MDIMRAN\eclipse-workspace\OpenCart0.1\Master.xml

12:27:01.243 [main] DEBUG org.testng.TestNG - suiteXmlPath: "C:\Users\CODECLOUDS-MDIMRAN\eclipse-workspace\OpenCart0.1\Master.xml"
12:27:01.699 [main] INFO  org.testng.internal.Utils - [TestNG] Running:
  C:\Users\CODECLOUDS-MDIMRAN\eclipse-workspace\OpenCart0.1\Master.xml

12:27:07.460 [main] INFO  testCase.RegisterationTest - Logger Initialized Successfully!
12:27:10.961 [main] INFO  testCase.RegisterationTest - ***** Start VerifyRegisterationTest ****
12:27:11.964 [main] INFO  testCase.RegisterationTest - ***** Open Registeration Account Page  ****
12:27:16.619 [main] ERROR testCase.RegisterationTest - **** Test FAIL****
12:27:16.619 [main] DEBUG testCase.RegisterationTest - **** FAIL VerifyRegisterationTest(Debug) ****
12:27:18.084 [main] INFO  testCase.LoginTest - Logger Initialized Successfully!
12:42:52.060 [main] DEBUG org.testng.TestNG - suiteXmlPath: "C:\Users\CODECLOUDS-MDIMRAN\eclipse-workspace\OpenCart0.1\Master.xml"
12:42:52.437 [main] INFO  org.testng.internal.Utils - [TestNG] Running:
  C:\Users\CODECLOUDS-MDIMRAN\eclipse-workspace\OpenCart0.1\Master.xml

12:43:55.692 [main] DEBUG org.testng.TestNG - suiteXmlPath: "C:\Users\CODECLOUDS-MDIMRAN\eclipse-workspace\OpenCart0.1\Master.xml"
12:43:56.002 [main] INFO  org.testng.internal.Utils - [TestNG] Running:
  C:\Users\CODECLOUDS-MDIMRAN\eclipse-workspace\OpenCart0.1\Master.xml

12:43:57.656 [main] INFO  testCase.LoginDDT - Logger Initialized Successfully!
12:43:58.622 [main] DEBUG org.apache.poi.openxml4j.opc.PackageRelationshipCollection - Parsing relationship: /xl/_rels/workbook.xml.rels
12:43:58.627 [main] DEBUG org.apache.poi.openxml4j.opc.PackageRelationshipCollection - Parsing relationship: /xl/worksheets/_rels/sheet1.xml.rels
12:43:58.630 [main] DEBUG org.apache.poi.openxml4j.opc.PackageRelationshipCollection - Parsing relationship: /_rels/.rels
12:43:59.457 [main] DEBUG org.apache.poi.openxml4j.opc.PackageRelationshipCollection - Parsing relationship: /xl/_rels/workbook.xml.rels
12:43:59.459 [main] DEBUG org.apache.poi.openxml4j.opc.PackageRelationshipCollection - Parsing relationship: /xl/worksheets/_rels/sheet1.xml.rels
12:43:59.461 [main] DEBUG org.apache.poi.openxml4j.opc.PackageRelationshipCollection - Parsing relationship: /_rels/.rels
12:43:59.507 [main] DEBUG org.apache.poi.openxml4j.opc.PackageRelationshipCollection - Parsing relationship: /xl/_rels/workbook.xml.rels
12:43:59.510 [main] DEBUG org.apache.poi.openxml4j.opc.PackageRelationshipCollection - Parsing relationship: /xl/worksheets/_rels/sheet1.xml.rels
12:43:59.514 [main] DEBUG org.apache.poi.openxml4j.opc.PackageRelationshipCollection - Parsing relationship: /_rels/.rels
12:43:59.608 [main] DEBUG org.apache.poi.openxml4j.opc.PackageRelationshipCollection - Parsing relationship: /xl/_rels/workbook.xml.rels
12:43:59.611 [main] DEBUG org.apache.poi.openxml4j.opc.PackageRelationshipCollection - Parsing relationship: /xl/worksheets/_rels/sheet1.xml.rels
12:43:59.613 [main] DEBUG org.apache.poi.openxml4j.opc.PackageRelationshipCollection - Parsing relationship: /_rels/.rels
12:43:59.694 [main] DEBUG org.apache.poi.openxml4j.opc.PackageRelationshipCollection - Parsing relationship: /xl/_rels/workbook.xml.rels
12:43:59.697 [main] DEBUG org.apache.poi.openxml4j.opc.PackageRelationshipCollection - Parsing relationship: /xl/worksheets/_rels/sheet1.xml.rels
12:43:59.699 [main] DEBUG org.apache.poi.openxml4j.opc.PackageRelationshipCollection - Parsing relationship: /_rels/.rels
12:43:59.743 [main] DEBUG org.apache.poi.openxml4j.opc.PackageRelationshipCollection - Parsing relationship: /xl/_rels/workbook.xml.rels
12:43:59.746 [main] DEBUG org.apache.poi.openxml4j.opc.PackageRelationshipCollection - Parsing relationship: /xl/worksheets/_rels/sheet1.xml.rels
12:43:59.749 [main] DEBUG org.apache.poi.openxml4j.opc.PackageRelationshipCollection - Parsing relationship: /_rels/.rels
12:43:59.801 [main] DEBUG org.apache.poi.openxml4j.opc.PackageRelationshipCollection - Parsing relationship: /xl/_rels/workbook.xml.rels
12:43:59.803 [main] DEBUG org.apache.poi.openxml4j.opc.PackageRelationshipCollection - Parsing relationship: /xl/worksheets/_rels/sheet1.xml.rels
12:43:59.804 [main] DEBUG org.apache.poi.openxml4j.opc.PackageRelationshipCollection - Parsing relationship: /_rels/.rels
12:43:59.841 [main] DEBUG org.apache.poi.openxml4j.opc.PackageRelationshipCollection - Parsing relationship: /xl/_rels/workbook.xml.rels
12:43:59.842 [main] DEBUG org.apache.poi.openxml4j.opc.PackageRelationshipCollection - Parsing relationship: /xl/worksheets/_rels/sheet1.xml.rels
12:43:59.844 [main] DEBUG org.apache.poi.openxml4j.opc.PackageRelationshipCollection - Parsing relationship: /_rels/.rels
12:43:59.878 [main] DEBUG org.apache.poi.openxml4j.opc.PackageRelationshipCollection - Parsing relationship: /xl/_rels/workbook.xml.rels
12:43:59.880 [main] DEBUG org.apache.poi.openxml4j.opc.PackageRelationshipCollection - Parsing relationship: /xl/worksheets/_rels/sheet1.xml.rels
12:43:59.881 [main] DEBUG org.apache.poi.openxml4j.opc.PackageRelationshipCollection - Parsing relationship: /_rels/.rels
12:43:59.920 [main] DEBUG org.apache.poi.openxml4j.opc.PackageRelationshipCollection - Parsing relationship: /xl/_rels/workbook.xml.rels
12:43:59.922 [main] DEBUG org.apache.poi.openxml4j.opc.PackageRelationshipCollection - Parsing relationship: /xl/worksheets/_rels/sheet1.xml.rels
12:43:59.923 [main] DEBUG org.apache.poi.openxml4j.opc.PackageRelationshipCollection - Parsing relationship: /_rels/.rels
12:44:00.010 [main] DEBUG org.apache.poi.openxml4j.opc.PackageRelationshipCollection - Parsing relationship: /xl/_rels/workbook.xml.rels
12:44:00.015 [main] DEBUG org.apache.poi.openxml4j.opc.PackageRelationshipCollection - Parsing relationship: /xl/worksheets/_rels/sheet1.xml.rels
12:44:00.016 [main] DEBUG org.apache.poi.openxml4j.opc.PackageRelationshipCollection - Parsing relationship: /_rels/.rels
12:44:00.060 [main] DEBUG org.apache.poi.openxml4j.opc.PackageRelationshipCollection - Parsing relationship: /xl/_rels/workbook.xml.rels
12:44:00.062 [main] DEBUG org.apache.poi.openxml4j.opc.PackageRelationshipCollection - Parsing relationship: /xl/worksheets/_rels/sheet1.xml.rels
12:44:00.064 [main] DEBUG org.apache.poi.openxml4j.opc.PackageRelationshipCollection - Parsing relationship: /_rels/.rels
12:44:00.109 [main] DEBUG org.apache.poi.openxml4j.opc.PackageRelationshipCollection - Parsing relationship: /xl/_rels/workbook.xml.rels
12:44:00.110 [main] DEBUG org.apache.poi.openxml4j.opc.PackageRelationshipCollection - Parsing relationship: /xl/worksheets/_rels/sheet1.xml.rels
12:44:00.112 [main] DEBUG org.apache.poi.openxml4j.opc.PackageRelationshipCollection - Parsing relationship: /_rels/.rels
12:44:00.156 [main] DEBUG org.apache.poi.openxml4j.opc.PackageRelationshipCollection - Parsing relationship: /xl/_rels/workbook.xml.rels
12:44:00.158 [main] DEBUG org.apache.poi.openxml4j.opc.PackageRelationshipCollection - Parsing relationship: /xl/worksheets/_rels/sheet1.xml.rels
12:44:00.159 [main] DEBUG org.apache.poi.openxml4j.opc.PackageRelationshipCollection - Parsing relationship: /_rels/.rels
12:44:00.245 [main] INFO  testCase.LoginDDT - Test Start
12:44:00.245 [main] INFO  testCase.LoginDDT - Home Page Open
12:44:00.967 [main] INFO  testCase.LoginDDT - Login Page Open
12:44:01.327 [main] INFO  testCase.LoginDDT - Clicked On Login button
12:44:02.111 [main] INFO  testCase.LoginDDT - Login sucessfull
12:44:02.700 [main] INFO  testCase.LoginDDT - Clicked On Logout button
12:44:02.701 [main] INFO  testCase.LoginDDT - Test Completed
12:44:02.710 [main] INFO  testCase.LoginDDT - Test Start
12:44:02.711 [main] INFO  testCase.LoginDDT - Home Page Open
12:44:03.241 [main] INFO  testCase.LoginDDT - Login Page Open
12:44:03.613 [main] INFO  testCase.LoginDDT - Clicked On Login button
12:44:23.722 [main] INFO  testCase.LoginDDT - Pass
12:44:23.722 [main] INFO  testCase.LoginDDT - Test Completed
12:44:23.726 [main] INFO  testCase.LoginDDT - Test Start
12:44:23.726 [main] INFO  testCase.LoginDDT - Home Page Open
12:44:24.127 [main] INFO  testCase.LoginDDT - Login Page Open
12:44:24.435 [main] INFO  testCase.LoginDDT - Clicked On Login button
12:44:44.557 [main] INFO  testCase.LoginDDT - Pass
12:44:44.557 [main] INFO  testCase.LoginDDT - Test Completed
12:44:44.560 [main] INFO  testCase.LoginDDT - Test Start
12:44:44.560 [main] INFO  testCase.LoginDDT - Home Page Open
12:44:44.951 [main] INFO  testCase.LoginDDT - Login Page Open
12:44:45.217 [main] INFO  testCase.LoginDDT - Clicked On Login button
12:45:05.277 [main] INFO  testCase.LoginDDT - Pass
12:45:05.278 [main] INFO  testCase.LoginDDT - Test Completed
12:45:44.145 [main] DEBUG org.testng.TestNG - suiteXmlPath: "C:\Users\CODECLOUDS-MDIMRAN\eclipse-workspace\OpenCart0.1\Master.xml"
12:45:44.581 [main] INFO  org.testng.internal.Utils - [TestNG] Running:
  C:\Users\CODECLOUDS-MDIMRAN\eclipse-workspace\OpenCart0.1\Master.xml

12:45:46.810 [main] INFO  testCase.RegisterationTest - Logger Initialized Successfully!
12:45:47.622 [main] INFO  testCase.RegisterationTest - ***** Start VerifyRegisterationTest ****
12:45:48.403 [main] INFO  testCase.RegisterationTest - ***** Open Registeration Account Page  ****
12:45:53.109 [main] ERROR testCase.RegisterationTest - **** Test FAIL****
12:45:53.110 [main] DEBUG testCase.RegisterationTest - **** FAIL VerifyRegisterationTest(Debug) ****
12:45:54.450 [main] INFO  testCase.LoginDDT - Logger Initialized Successfully!
12:45:55.634 [main] DEBUG org.apache.poi.openxml4j.opc.PackageRelationshipCollection - Parsing relationship: /xl/_rels/workbook.xml.rels
12:45:55.640 [main] DEBUG org.apache.poi.openxml4j.opc.PackageRelationshipCollection - Parsing relationship: /xl/worksheets/_rels/sheet1.xml.rels
12:45:55.643 [main] DEBUG org.apache.poi.openxml4j.opc.PackageRelationshipCollection - Parsing relationship: /_rels/.rels
12:45:56.409 [main] DEBUG org.apache.poi.openxml4j.opc.PackageRelationshipCollection - Parsing relationship: /xl/_rels/workbook.xml.rels
12:45:56.412 [main] DEBUG org.apache.poi.openxml4j.opc.PackageRelationshipCollection - Parsing relationship: /xl/worksheets/_rels/sheet1.xml.rels
12:45:56.413 [main] DEBUG org.apache.poi.openxml4j.opc.PackageRelationshipCollection - Parsing relationship: /_rels/.rels
12:45:56.469 [main] DEBUG org.apache.poi.openxml4j.opc.PackageRelationshipCollection - Parsing relationship: /xl/_rels/workbook.xml.rels
12:45:56.471 [main] DEBUG org.apache.poi.openxml4j.opc.PackageRelationshipCollection - Parsing relationship: /xl/worksheets/_rels/sheet1.xml.rels
12:45:56.473 [main] DEBUG org.apache.poi.openxml4j.opc.PackageRelationshipCollection - Parsing relationship: /_rels/.rels
12:45:56.540 [main] DEBUG org.apache.poi.openxml4j.opc.PackageRelationshipCollection - Parsing relationship: /xl/_rels/workbook.xml.rels
12:45:56.543 [main] DEBUG org.apache.poi.openxml4j.opc.PackageRelationshipCollection - Parsing relationship: /xl/worksheets/_rels/sheet1.xml.rels
12:45:56.545 [main] DEBUG org.apache.poi.openxml4j.opc.PackageRelationshipCollection - Parsing relationship: /_rels/.rels
12:45:56.607 [main] DEBUG org.apache.poi.openxml4j.opc.PackageRelationshipCollection - Parsing relationship: /xl/_rels/workbook.xml.rels
12:45:56.609 [main] DEBUG org.apache.poi.openxml4j.opc.PackageRelationshipCollection - Parsing relationship: /xl/worksheets/_rels/sheet1.xml.rels
12:45:56.611 [main] DEBUG org.apache.poi.openxml4j.opc.PackageRelationshipCollection - Parsing relationship: /_rels/.rels
12:45:56.657 [main] DEBUG org.apache.poi.openxml4j.opc.PackageRelationshipCollection - Parsing relationship: /xl/_rels/workbook.xml.rels
12:45:56.659 [main] DEBUG org.apache.poi.openxml4j.opc.PackageRelationshipCollection - Parsing relationship: /xl/worksheets/_rels/sheet1.xml.rels
12:45:56.660 [main] DEBUG org.apache.poi.openxml4j.opc.PackageRelationshipCollection - Parsing relationship: /_rels/.rels
12:45:56.701 [main] DEBUG org.apache.poi.openxml4j.opc.PackageRelationshipCollection - Parsing relationship: /xl/_rels/workbook.xml.rels
12:45:56.703 [main] DEBUG org.apache.poi.openxml4j.opc.PackageRelationshipCollection - Parsing relationship: /xl/worksheets/_rels/sheet1.xml.rels
12:45:56.704 [main] DEBUG org.apache.poi.openxml4j.opc.PackageRelationshipCollection - Parsing relationship: /_rels/.rels
12:45:56.739 [main] DEBUG org.apache.poi.openxml4j.opc.PackageRelationshipCollection - Parsing relationship: /xl/_rels/workbook.xml.rels
12:45:56.741 [main] DEBUG org.apache.poi.openxml4j.opc.PackageRelationshipCollection - Parsing relationship: /xl/worksheets/_rels/sheet1.xml.rels
12:45:56.743 [main] DEBUG org.apache.poi.openxml4j.opc.PackageRelationshipCollection - Parsing relationship: /_rels/.rels
12:45:56.781 [main] DEBUG org.apache.poi.openxml4j.opc.PackageRelationshipCollection - Parsing relationship: /xl/_rels/workbook.xml.rels
12:45:56.782 [main] DEBUG org.apache.poi.openxml4j.opc.PackageRelationshipCollection - Parsing relationship: /xl/worksheets/_rels/sheet1.xml.rels
12:45:56.784 [main] DEBUG org.apache.poi.openxml4j.opc.PackageRelationshipCollection - Parsing relationship: /_rels/.rels
12:45:56.824 [main] DEBUG org.apache.poi.openxml4j.opc.PackageRelationshipCollection - Parsing relationship: /xl/_rels/workbook.xml.rels
12:45:56.826 [main] DEBUG org.apache.poi.openxml4j.opc.PackageRelationshipCollection - Parsing relationship: /xl/worksheets/_rels/sheet1.xml.rels
12:45:56.828 [main] DEBUG org.apache.poi.openxml4j.opc.PackageRelationshipCollection - Parsing relationship: /_rels/.rels
12:45:56.858 [main] DEBUG org.apache.poi.openxml4j.opc.PackageRelationshipCollection - Parsing relationship: /xl/_rels/workbook.xml.rels
12:45:56.860 [main] DEBUG org.apache.poi.openxml4j.opc.PackageRelationshipCollection - Parsing relationship: /xl/worksheets/_rels/sheet1.xml.rels
12:45:56.862 [main] DEBUG org.apache.poi.openxml4j.opc.PackageRelationshipCollection - Parsing relationship: /_rels/.rels
12:45:56.902 [main] DEBUG org.apache.poi.openxml4j.opc.PackageRelationshipCollection - Parsing relationship: /xl/_rels/workbook.xml.rels
12:45:56.904 [main] DEBUG org.apache.poi.openxml4j.opc.PackageRelationshipCollection - Parsing relationship: /xl/worksheets/_rels/sheet1.xml.rels
12:45:56.905 [main] DEBUG org.apache.poi.openxml4j.opc.PackageRelationshipCollection - Parsing relationship: /_rels/.rels
12:45:56.941 [main] DEBUG org.apache.poi.openxml4j.opc.PackageRelationshipCollection - Parsing relationship: /xl/_rels/workbook.xml.rels
12:45:56.942 [main] DEBUG org.apache.poi.openxml4j.opc.PackageRelationshipCollection - Parsing relationship: /xl/worksheets/_rels/sheet1.xml.rels
12:45:56.944 [main] DEBUG org.apache.poi.openxml4j.opc.PackageRelationshipCollection - Parsing relationship: /_rels/.rels
12:45:56.979 [main] DEBUG org.apache.poi.openxml4j.opc.PackageRelationshipCollection - Parsing relationship: /xl/_rels/workbook.xml.rels
12:45:56.981 [main] DEBUG org.apache.poi.openxml4j.opc.PackageRelationshipCollection - Parsing relationship: /xl/worksheets/_rels/sheet1.xml.rels
12:45:56.983 [main] DEBUG org.apache.poi.openxml4j.opc.PackageRelationshipCollection - Parsing relationship: /_rels/.rels
12:45:57.027 [main] INFO  testCase.LoginDDT - Test Start
12:45:57.027 [main] INFO  testCase.LoginDDT - Home Page Open
12:45:57.691 [main] INFO  testCase.LoginDDT - Login Page Open
12:45:58.186 [main] INFO  testCase.LoginDDT - Clicked On Login button
12:45:58.857 [main] INFO  testCase.LoginDDT - Login sucessfull
12:45:59.519 [main] INFO  testCase.LoginDDT - Clicked On Logout button
12:45:59.520 [main] INFO  testCase.LoginDDT - Test Completed
12:45:59.525 [main] INFO  testCase.LoginDDT - Test Start
12:45:59.525 [main] INFO  testCase.LoginDDT - Home Page Open
12:46:00.165 [main] INFO  testCase.LoginDDT - Login Page Open
12:46:00.598 [main] INFO  testCase.LoginDDT - Clicked On Login button
12:46:20.715 [main] INFO  testCase.LoginDDT - Pass
12:46:20.715 [main] INFO  testCase.LoginDDT - Test Completed
12:46:20.718 [main] INFO  testCase.LoginDDT - Test Start
12:46:20.719 [main] INFO  testCase.LoginDDT - Home Page Open
12:46:21.180 [main] INFO  testCase.LoginDDT - Login Page Open
12:46:21.477 [main] INFO  testCase.LoginDDT - Clicked On Login button
12:46:41.567 [main] INFO  testCase.LoginDDT - Pass
12:46:41.568 [main] INFO  testCase.LoginDDT - Test Completed
12:46:41.570 [main] INFO  testCase.LoginDDT - Test Start
12:46:41.570 [main] INFO  testCase.LoginDDT - Home Page Open
12:46:42.005 [main] INFO  testCase.LoginDDT - Login Page Open
12:46:42.255 [main] INFO  testCase.LoginDDT - Clicked On Login button
12:47:02.386 [main] INFO  testCase.LoginDDT - Pass
12:47:02.387 [main] INFO  testCase.LoginDDT - Test Completed
12:50:16.322 [main] DEBUG org.testng.TestNG - suiteXmlPath: "C:\Users\CODECLOUDS-MDIMRAN\eclipse-workspace\OpenCart0.1\testng.xml"
12:50:16.693 [main] INFO  org.testng.internal.Utils - [TestNG] Running:
  C:\Users\CODECLOUDS-MDIMRAN\eclipse-workspace\OpenCart0.1\testng.xml

12:50:18.888 [main] INFO  testCase.RegisterationTest - Logger Initialized Successfully!
12:50:19.752 [main] INFO  testCase.RegisterationTest - ***** Start VerifyRegisterationTest ****
12:50:20.537 [main] INFO  testCase.RegisterationTest - ***** Open Registeration Account Page  ****
12:50:24.275 [main] INFO  testCase.RegisterationTest - ***** Open Sucessfull Account Page  ****
12:50:33.319 [main] DEBUG org.testng.TestNG - suiteXmlPath: "C:\Users\CODECLOUDS-MDIMRAN\eclipse-workspace\OpenCart0.1\testng.xml"
12:50:33.935 [main] INFO  org.testng.internal.Utils - [TestNG] Running:
  C:\Users\CODECLOUDS-MDIMRAN\eclipse-workspace\OpenCart0.1\testng.xml

12:50:36.399 [main] INFO  testCase.RegisterationTest - Logger Initialized Successfully!
12:50:37.374 [main] INFO  testCase.RegisterationTest - ***** Start VerifyRegisterationTest ****
12:50:38.444 [main] INFO  testCase.RegisterationTest - ***** Open Registeration Account Page  ****
12:50:43.356 [main] ERROR testCase.RegisterationTest - **** Test FAIL****
12:50:43.356 [main] DEBUG testCase.RegisterationTest - **** FAIL VerifyRegisterationTest(Debug) ****
12:51:26.729 [main] DEBUG org.testng.TestNG - suiteXmlPath: "C:\Users\CODECLOUDS-MDIMRAN\eclipse-workspace\OpenCart0.1\testng.xml"
12:51:27.114 [main] INFO  org.testng.internal.Utils - [TestNG] Running:
  C:\Users\CODECLOUDS-MDIMRAN\eclipse-workspace\OpenCart0.1\testng.xml

12:51:29.117 [main] INFO  testCase.RegisterationTest - Logger Initialized Successfully!
12:51:30.026 [main] INFO  testCase.RegisterationTest - ***** Start VerifyRegisterationTest ****
12:51:30.919 [main] INFO  testCase.RegisterationTest - ***** Open Registeration Account Page  ****
12:51:35.565 [main] ERROR testCase.RegisterationTest - **** Test FAIL****
12:51:35.565 [main] DEBUG testCase.RegisterationTest - **** FAIL VerifyRegisterationTest(Debug) ****
12:53:06.596 [main] DEBUG org.testng.TestNG - suiteXmlPath: "C:\Users\CODECLOUDS-MDIMRAN\eclipse-workspace\OpenCart0.1\testng.xml"
12:53:06.971 [main] INFO  org.testng.internal.Utils - [TestNG] Running:
  C:\Users\CODECLOUDS-MDIMRAN\eclipse-workspace\OpenCart0.1\testng.xml

12:53:09.017 [main] INFO  testCase.RegisterationTest - Logger Initialized Successfully!
12:53:09.645 [main] INFO  testCase.RegisterationTest - ***** Start VerifyRegisterationTest ****
12:53:10.611 [main] INFO  testCase.RegisterationTest - ***** Open Registeration Account Page  ****
12:53:15.178 [main] ERROR testCase.RegisterationTest - **** Test FAIL****
12:53:15.178 [main] DEBUG testCase.RegisterationTest - **** FAIL VerifyRegisterationTest(Debug) ****
12:58:58.812 [main] DEBUG org.testng.TestNG - suiteXmlPath: "C:\Users\CODECLOUDS-MDIMRAN\eclipse-workspace\OpenCart0.1\testng.xml"
12:58:59.174 [main] INFO  org.testng.internal.Utils - [TestNG] Running:
  C:\Users\CODECLOUDS-MDIMRAN\eclipse-workspace\OpenCart0.1\testng.xml

12:59:00.951 [main] INFO  testCase.RegisterationTest - Logger Initialized Successfully!
12:59:01.690 [main] INFO  testCase.RegisterationTest - ***** Start VerifyRegisterationTest ****
12:59:02.325 [main] INFO  testCase.RegisterationTest - ***** Open Registeration Account Page  ****
12:59:06.830 [main] ERROR testCase.RegisterationTest - **** Test FAIL****
12:59:06.831 [main] DEBUG testCase.RegisterationTest - **** FAIL VerifyRegisterationTest(Debug) ****
13:00:28.599 [main] DEBUG org.testng.TestNG - suiteXmlPath: "C:\Users\CODECLOUDS-MDIMRAN\eclipse-workspace\OpenCart0.1\testng.xml"
13:00:28.948 [main] INFO  org.testng.internal.Utils - [TestNG] Running:
  C:\Users\CODECLOUDS-MDIMRAN\eclipse-workspace\OpenCart0.1\testng.xml

13:00:30.765 [main] INFO  testCase.RegisterationTest - Logger Initialized Successfully!
13:00:31.578 [main] INFO  testCase.RegisterationTest - ***** Start VerifyRegisterationTest ****
13:00:32.277 [main] INFO  testCase.RegisterationTest - ***** Open Registeration Account Page  ****
13:00:37.577 [main] ERROR testCase.RegisterationTest - **** Test FAIL****
13:00:37.578 [main] DEBUG testCase.RegisterationTest - **** FAIL VerifyRegisterationTest(Debug) ****
13:01:13.676 [main] DEBUG org.testng.TestNG - suiteXmlPath: "C:\Users\CODECL~2\AppData\Local\Temp\testng-eclipse--1654578416\testng-customsuite.xml"
13:01:13.997 [main] INFO  org.testng.internal.Utils - [Utils] MethodGroupsHelper.collectMethodsByGroup() took 0 ms.
13:01:14.002 [main] INFO  org.testng.internal.Utils - [Utils] MethodGroupsHelper.sortMethods() took 1 ms.
13:01:14.005 [main] INFO  org.testng.internal.Utils - [Utils] MethodGroupsHelper.collectMethodsByGroup() took 0 ms.
13:01:14.005 [main] INFO  org.testng.internal.Utils - [Utils] MethodGroupsHelper.sortMethods() took 0 ms.
13:01:14.007 [main] INFO  org.testng.internal.Utils - [Utils] MethodGroupsHelper.collectMethodsByGroup() took 0 ms.
13:01:14.007 [main] INFO  org.testng.internal.Utils - [Utils] MethodGroupsHelper.sortMethods() took 0 ms.
13:01:14.008 [main] INFO  org.testng.internal.Utils - [Utils] MethodGroupsHelper.collectMethodsByGroup() took 0 ms.
13:01:14.009 [main] INFO  org.testng.internal.Utils - [Utils] MethodGroupsHelper.sortMethods() took 0 ms.
13:01:14.016 [main] INFO  org.testng.internal.Utils - [Utils] MethodGroupsHelper.collectMethodsByGroup() took 4 ms.
13:01:14.031 [main] INFO  org.testng.internal.Utils - [Utils] MethodGroupsHelper.sortMethods() took 14 ms.
13:01:14.034 [main] INFO  org.testng.internal.Utils - [Utils] MethodGroupsHelper.collectMethodsByGroup() took 0 ms.
13:01:14.035 [main] INFO  org.testng.internal.Utils - [Utils] MethodGroupsHelper.sortMethods() took 0 ms.
13:01:14.036 [main] INFO  org.testng.internal.Utils - [Utils] MethodGroupsHelper.collectMethodsByGroup() took 0 ms.
13:01:14.037 [main] INFO  org.testng.internal.Utils - [Utils] MethodGroupsHelper.sortMethods() took 0 ms.
13:01:14.038 [main] INFO  org.testng.internal.Utils - [Utils] MethodGroupsHelper.collectMethodsByGroup() took 0 ms.
13:01:14.039 [main] INFO  org.testng.internal.Utils - [Utils] MethodGroupsHelper.sortMethods() took 0 ms.
13:01:14.042 [main] INFO  org.testng.internal.Utils - [Utils] MethodGroupsHelper.collectMethodsByGroup() took 0 ms.
13:01:14.043 [main] INFO  org.testng.internal.Utils - [Utils] MethodGroupsHelper.sortMethods() took 0 ms.
13:01:14.043 [main] INFO  org.testng.internal.Utils - [Utils] MethodGroupsHelper.collectMethodsByGroup() took 0 ms.
13:01:14.044 [main] INFO  org.testng.internal.Utils - [Utils] MethodGroupsHelper.sortMethods() took 0 ms.
13:01:14.048 [main] INFO  org.testng.internal.Utils - [Utils] MethodGroupsHelper.collectMethodsByGroup() took 0 ms.
13:01:14.049 [main] INFO  org.testng.internal.Utils - [Utils] MethodGroupsHelper.sortMethods() took 0 ms.
13:01:14.049 [main] INFO  org.testng.internal.Utils - [Utils] MethodGroupsHelper.collectMethodsByGroup() took 0 ms.
13:01:14.049 [main] INFO  org.testng.internal.Utils - [Utils] MethodGroupsHelper.sortMethods() took 0 ms.
13:01:14.051 [main] INFO  org.testng.internal.Utils - [Utils] MethodGroupsHelper.collectMethodsByGroup() took 0 ms.
13:01:14.051 [main] INFO  org.testng.internal.Utils - [Utils] MethodGroupsHelper.sortMethods() took 0 ms.
13:01:14.053 [main] INFO  org.testng.internal.Utils - [Utils] MethodGroupsHelper.collectMethodsByGroup() took 0 ms.
13:01:14.054 [main] INFO  org.testng.internal.Utils - [Utils] MethodGroupsHelper.sortMethods() took 0 ms.
13:01:14.054 [main] INFO  org.testng.internal.Utils - [Utils] MethodGroupsHelper.collectMethodsByGroup() took 0 ms.
13:01:14.055 [main] INFO  org.testng.internal.Utils - [Utils] MethodGroupsHelper.sortMethods() took 0 ms.
13:01:14.070 [main] INFO  org.testng.internal.Utils - [TestNG] Running:
  C:\Users\CODECLOUDS-MDIMRAN\AppData\Local\Temp\testng-eclipse--1654578416\testng-customsuite.xml

13:01:14.100 [main] INFO  org.testng.internal.Utils - [Utils] DynamicGraphHelper.createDynamicGraph() took 6 ms.
13:01:14.431 [main] INFO  org.testng.internal.Utils - [TestNG] Time taken by org.testng.reporters.jq.Main@40844aab: 78 ms
13:01:14.450 [main] INFO  org.testng.internal.Utils - [TestNG] Time taken by org.testng.reporters.FailedReporter@4dc8caa7: 19 ms
13:01:14.467 [main] INFO  org.testng.internal.Utils - [TestNG] Time taken by org.testng.reporters.XMLReporter@2e8e8225: 16 ms
13:01:14.482 [main] INFO  org.testng.internal.Utils - [TestNG] Time taken by org.testng.reporters.EmailableReporter2@65045a87: 14 ms
13:01:14.496 [main] INFO  org.testng.internal.Utils - [TestNG] Time taken by org.testng.reporters.JUnitReportReporter@4af0df05: 13 ms
13:01:14.497 [main] INFO  org.testng.internal.Utils - [TestNG] Time taken by org.testng.internal.ExitCodeListener@57ea113a: 1 ms
13:01:43.407 [main] DEBUG org.testng.TestNG - suiteXmlPath: "C:\Users\CODECLOUDS-MDIMRAN\eclipse-workspace\OpenCart0.1\testng.xml"
13:01:43.780 [main] INFO  org.testng.internal.Utils - [TestNG] Running:
  C:\Users\CODECLOUDS-MDIMRAN\eclipse-workspace\OpenCart0.1\testng.xml

13:01:45.817 [main] INFO  testCase.RegisterationTest - Logger Initialized Successfully!
13:01:46.623 [main] INFO  testCase.RegisterationTest - ***** Start VerifyRegisterationTest ****
13:01:47.291 [main] INFO  testCase.RegisterationTest - ***** Open Registeration Account Page  ****
13:01:51.842 [main] ERROR testCase.RegisterationTest - **** Test FAIL****org.openqa.selenium.ElementClickInterceptedException: element click intercepted: Element is not clickable at point (961, 844)
  (Session info: chrome=142.0.7444.61)
Build info: version: '4.38.0', revision: '6b412e825c*'
System info: os.name: 'Windows 10', os.arch: 'amd64', os.version: '10.0', java.version: '25.0.1'
Driver info: org.openqa.selenium.chrome.ChromeDriver
Command: [99785e856aad9a21f8eefd174ccb8593, clickElement {id=f.3882D2DCAEDBF12BD5EEABA8599B86CF.d.82C0EEE2DEA92E906B420192047A1360.e.50}]
Capabilities {acceptInsecureCerts: false, browserName: chrome, browserVersion: 142.0.7444.61, chrome: {chromedriverVersion: 142.0.7444.175 (302067f14a4..., userDataDir: C:\Users\CODECL~2\AppData\L...}, fedcm:accounts: true, goog:chromeOptions: {debuggerAddress: localhost:52239}, goog:processID: 23740, networkConnectionEnabled: false, pageLoadStrategy: normal, platformName: windows, proxy: Proxy(), se:cdp: ws://localhost:52239/devtoo..., se:cdpVersion: 142.0.7444.61, setWindowRect: true, strictFileInteractability: false, timeouts: {implicit: 0, pageLoad: 300000, script: 30000}, unhandledPromptBehavior: dismiss and notify, webauthn:extension:credBlob: true, webauthn:extension:largeBlob: true, webauthn:extension:minPinLength: true, webauthn:extension:prf: true, webauthn:virtualAuthenticators: true}
Element: [[ChromeDriver: chrome on windows (99785e856aad9a21f8eefd174ccb8593)] -> xpath: //input[@name='agree']]
Session ID: 99785e856aad9a21f8eefd174ccb8593
13:01:51.842 [main] DEBUG testCase.RegisterationTest - **** FAIL VerifyRegisterationTest(Debug) ****org.openqa.selenium.ElementClickInterceptedException: element click intercepted: Element is not clickable at point (961, 844)
  (Session info: chrome=142.0.7444.61)
Build info: version: '4.38.0', revision: '6b412e825c*'
System info: os.name: 'Windows 10', os.arch: 'amd64', os.version: '10.0', java.version: '25.0.1'
Driver info: org.openqa.selenium.chrome.ChromeDriver
Command: [99785e856aad9a21f8eefd174ccb8593, clickElement {id=f.3882D2DCAEDBF12BD5EEABA8599B86CF.d.82C0EEE2DEA92E906B420192047A1360.e.50}]
Capabilities {acceptInsecureCerts: false, browserName: chrome, browserVersion: 142.0.7444.61, chrome: {chromedriverVersion: 142.0.7444.175 (302067f14a4..., userDataDir: C:\Users\CODECL~2\AppData\L...}, fedcm:accounts: true, goog:chromeOptions: {debuggerAddress: localhost:52239}, goog:processID: 23740, networkConnectionEnabled: false, pageLoadStrategy: normal, platformName: windows, proxy: Proxy(), se:cdp: ws://localhost:52239/devtoo..., se:cdpVersion: 142.0.7444.61, setWindowRect: true, strictFileInteractability: false, timeouts: {implicit: 0, pageLoad: 300000, script: 30000}, unhandledPromptBehavior: dismiss and notify, webauthn:extension:credBlob: true, webauthn:extension:largeBlob: true, webauthn:extension:minPinLength: true, webauthn:extension:prf: true, webauthn:virtualAuthenticators: true}
Element: [[ChromeDriver: chrome on windows (99785e856aad9a21f8eefd174ccb8593)] -> xpath: //input[@name='agree']]
Session ID: 99785e856aad9a21f8eefd174ccb8593
13:24:44.616 [main] DEBUG org.testng.TestNG - suiteXmlPath: "C:\Users\CODECLOUDS-MDIMRAN\eclipse-workspace\OpenCart0.1\Master.xml"
13:24:44.964 [main] INFO  org.testng.internal.Utils - [TestNG] Running:
  C:\Users\CODECLOUDS-MDIMRAN\eclipse-workspace\OpenCart0.1\Master.xml

13:24:46.783 [main] INFO  testCase.LoginTest - Logger Initialized Successfully!
13:24:47.589 [main] INFO  testCase.LoginTest - **** Starting VerifyLoginTest *****
13:24:48.244 [main] INFO  testCase.LoginTest - **** Lgoin page opne*****
13:24:48.289 [main] DEBUG testCase.LoginTest - **** FAIL VerifyRegisterationTest(Debug) ****java.lang.IllegalArgumentException: Keys to send should be a not null CharSequence
13:24:49.647 [main] INFO  testCase.RegisterationTest - Logger Initialized Successfully!
13:24:50.442 [main] INFO  testCase.RegisterationTest - ***** Start VerifyRegisterationTest ****
13:24:51.058 [main] INFO  testCase.RegisterationTest - ***** Open Registeration Account Page  ****
13:24:54.821 [main] INFO  testCase.RegisterationTest - ***** Click on sumbit button ****
13:24:54.821 [main] INFO  testCase.RegisterationTest - ***** Open Sucessfull Account Page  ****
13:24:56.207 [main] INFO  testCase.LoginDDT - Logger Initialized Successfully!
13:24:57.634 [main] DEBUG org.apache.poi.openxml4j.opc.PackageRelationshipCollection - Parsing relationship: /xl/_rels/workbook.xml.rels
13:24:57.649 [main] DEBUG org.apache.poi.openxml4j.opc.PackageRelationshipCollection - Parsing relationship: /xl/worksheets/_rels/sheet1.xml.rels
13:24:57.655 [main] DEBUG org.apache.poi.openxml4j.opc.PackageRelationshipCollection - Parsing relationship: /_rels/.rels
13:24:58.857 [main] DEBUG org.apache.poi.openxml4j.opc.PackageRelationshipCollection - Parsing relationship: /xl/_rels/workbook.xml.rels
13:24:58.861 [main] DEBUG org.apache.poi.openxml4j.opc.PackageRelationshipCollection - Parsing relationship: /xl/worksheets/_rels/sheet1.xml.rels
13:24:58.864 [main] DEBUG org.apache.poi.openxml4j.opc.PackageRelationshipCollection - Parsing relationship: /_rels/.rels
13:24:58.975 [main] DEBUG org.apache.poi.openxml4j.opc.PackageRelationshipCollection - Parsing relationship: /xl/_rels/workbook.xml.rels
13:24:58.979 [main] DEBUG org.apache.poi.openxml4j.opc.PackageRelationshipCollection - Parsing relationship: /xl/worksheets/_rels/sheet1.xml.rels
13:24:58.981 [main] DEBUG org.apache.poi.openxml4j.opc.PackageRelationshipCollection - Parsing relationship: /_rels/.rels
13:24:59.067 [main] DEBUG org.apache.poi.openxml4j.opc.PackageRelationshipCollection - Parsing relationship: /xl/_rels/workbook.xml.rels
